<?xml version="1.0" encoding="UTF-8"?>
<testng-results ignored="0" total="1" passed="1" failed="0" skipped="0">
  <reporter-output>
  </reporter-output>
  <suite started-at="2022-09-11T15:00:41 IST" name="Failed suite [Default suite]" finished-at="2022-09-11T15:01:13 IST" duration-ms="32500">
    <groups>
    </groups>
    <test started-at="2022-09-11T15:00:41 IST" name="Default test(failed)" finished-at="2022-09-11T15:01:13 IST" duration-ms="32500">
      <class name="scripts.Testcase3">
        <test-method is-config="true" signature="openApp()[pri:0, instance:scripts.Testcase3@702b8b12]" started-at="2022-09-11T15:00:41 IST" name="openApp" finished-at="2022-09-11T15:00:50 IST" duration-ms="9333" status="PASS">
          <reporter-output>
          </reporter-output>
        </test-method> <!-- openApp -->
        <test-method signature="tc3()[pri:0, instance:scripts.Testcase3@702b8b12]" started-at="2022-09-11T15:00:50 IST" name="tc3" finished-at="2022-09-11T15:01:13 IST" duration-ms="22232" status="PASS">
          <reporter-output>
          </reporter-output>
        </test-method> <!-- tc3 -->
        <test-method is-config="true" signature="closeApp(org.testng.ITestResult)[pri:0, instance:scripts.Testcase3@702b8b12]" started-at="2022-09-11T15:01:13 IST" name="closeApp" finished-at="2022-09-11T15:01:13 IST" duration-ms="873" status="PASS">
          <params>
            <param index="0">
              <value>
                <![CDATA[[TestResult name=tc3 status=SUCCESS method=Testcase3.tc3()[pri:0, instance:scripts.Testcase3@702b8b12] output={null}]]]>
              </value>
            </param>
          </params>
          <reporter-output>
          </reporter-output>
        </test-method> <!-- closeApp -->
      </class> <!-- scripts.Testcase3 -->
    </test> <!-- Default test(failed) -->
  </suite> <!-- Failed suite [Default suite] -->
</testng-results>
